<?xml version="1.0" encoding="UTF-8"?>
<testng-results skipped="0" failed="1" total="2" passed="1">
  <reporter-output>
  </reporter-output>
  <suite name="Suite" duration-ms="95727" started-at="2019-05-17T05:14:26Z" finished-at="2019-05-17T05:16:02Z">
    <groups>
    </groups>
    <test name="Test" duration-ms="95727" started-at="2019-05-17T05:14:26Z" finished-at="2019-05-17T05:16:02Z">
      <class name="com.webapp.bankapp.test.HomePageTest">
        <test-method status="PASS" signature="Setup()[pri:0, instance:com.webapp.bankapp.test.HomePageTest@4f933fd1]" name="Setup" is-config="true" duration-ms="73702" started-at="2019-05-17T15:14:26Z" finished-at="2019-05-17T15:15:40Z">
          <reporter-output>
          </reporter-output>
        </test-method> <!-- Setup -->
        <test-method status="PASS" signature="clickonAddCustomer()[pri:0, instance:com.webapp.bankapp.test.HomePageTest@4f933fd1]" name="clickonAddCustomer" duration-ms="18190" started-at="2019-05-17T15:15:40Z" finished-at="2019-05-17T15:15:58Z">
          <reporter-output>
          </reporter-output>
        </test-method> <!-- clickonAddCustomer -->
        <test-method status="FAIL" signature="newcustomerdata(java.lang.String, java.lang.String, java.util.Date, java.lang.String, java.lang.String, java.lang.String, int, double, java.lang.String)[pri:0, instance:com.webapp.bankapp.test.HomePageTest@4f933fd1]" name="newcustomerdata" duration-ms="0" started-at="2019-05-17T15:16:02Z" data-provider="getcustdata" finished-at="2019-05-17T15:16:02Z">
          <exception class="java.lang.RuntimeException">
            <message>
              <![CDATA[java.lang.ArrayIndexOutOfBoundsException: 9]]>
            </message>
            <full-stacktrace>
              <![CDATA[java.lang.RuntimeException: java.lang.ArrayIndexOutOfBoundsException: 9
	at org.testng.internal.MethodInvocationHelper.invokeDataProvider(MethodInvocationHelper.java:143)
	at org.testng.internal.Parameters.handleParameters(Parameters.java:426)
	at org.testng.internal.Invoker.handleParameters(Invoker.java:1383)
	at org.testng.internal.Invoker.createParameters(Invoker.java:1075)
	at org.testng.internal.Invoker.invokeTestMethods(Invoker.java:1180)
	at org.testng.internal.TestMethodWorker.invokeTestMethods(TestMethodWorker.java:127)
	at org.testng.internal.TestMethodWorker.run(TestMethodWorker.java:111)
	at org.testng.TestRunner.privateRun(TestRunner.java:767)
	at org.testng.TestRunner.run(TestRunner.java:617)
	at org.testng.SuiteRunner.runTest(SuiteRunner.java:334)
	at org.testng.SuiteRunner.runSequentially(SuiteRunner.java:329)
	at org.testng.SuiteRunner.privateRun(SuiteRunner.java:291)
	at org.testng.SuiteRunner.run(SuiteRunner.java:240)
	at org.testng.SuiteRunnerWorker.runSuite(SuiteRunnerWorker.java:52)
	at org.testng.SuiteRunnerWorker.run(SuiteRunnerWorker.java:86)
	at org.testng.TestNG.runSuitesSequentially(TestNG.java:1198)
	at org.testng.TestNG.runSuitesLocally(TestNG.java:1123)
	at org.testng.TestNG.run(TestNG.java:1031)
	at org.testng.remote.AbstractRemoteTestNG.run(AbstractRemoteTestNG.java:115)
	at org.testng.remote.RemoteTestNG.initAndRun(RemoteTestNG.java:251)
	at org.testng.remote.RemoteTestNG.main(RemoteTestNG.java:77)
Caused by: java.lang.ArrayIndexOutOfBoundsException: 9
	at com.webapp.bankapp.utils.ExcelUtils.Readcustdata(ExcelUtils.java:33)
	at com.webapp.bankapp.test.HomePageTest.getcustdata(HomePageTest.java:43)
	at sun.reflect.NativeMethodAccessorImpl.invoke0(Native Method)
	at sun.reflect.NativeMethodAccessorImpl.invoke(Unknown Source)
	at sun.reflect.DelegatingMethodAccessorImpl.invoke(Unknown Source)
	at java.lang.reflect.Method.invoke(Unknown Source)
	at org.testng.internal.MethodInvocationHelper.invokeMethod(MethodInvocationHelper.java:80)
	at org.testng.internal.MethodInvocationHelper.invokeDataProvider(MethodInvocationHelper.java:117)
	... 20 more
]]>
            </full-stacktrace>
          </exception> <!-- java.lang.RuntimeException -->
          <reporter-output>
          </reporter-output>
        </test-method> <!-- newcustomerdata -->
        <test-method status="PASS" signature="cleanUp()[pri:0, instance:com.webapp.bankapp.test.HomePageTest@4f933fd1]" name="cleanUp" is-config="true" duration-ms="780" started-at="2019-05-17T15:16:02Z" finished-at="2019-05-17T15:16:03Z">
          <reporter-output>
          </reporter-output>
        </test-method> <!-- cleanUp -->
      </class> <!-- com.webapp.bankapp.test.HomePageTest -->
    </test> <!-- Test -->
  </suite> <!-- Suite -->
</testng-results>
